<?xml version="1.0" encoding="UTF-8"?>
<!-- Generated by org.testng.reporters.JUnitReportReporter -->
<testsuite hostname="DESKTOP-5I3A6EV" failures="0" tests="1" name="WebSite.TestUrl" time="34.409" errors="0" timestamp="24 Jan 2023 16:44:47 GMT" skipped="0">
  <testcase classname="WebSite.TestUrl" name="OpenUrl" time="34.409"/>
</testsuite> <!-- WebSite.TestUrl -->
